{
  "RSpec": {
    "coverage": {
      "/Users/peterkentish/Documents/UNIVERSITY/SecondYear/Semester2/SoftwareHut/project/app/helpers/application_helper.rb": [
        1,
        1,
        0,
        0,
        0,
        null,
        null,
        null,
        1,
        0,
        null,
        null,
        1,
        0,
        null,
        null,
        1,
        0,
        null,
        null,
        1,
        0,
        null,
        null,
        null
      ],
      "/Users/peterkentish/Documents/UNIVERSITY/SecondYear/Semester2/SoftwareHut/project/app/helpers/england_news_helper.rb": [
        1,
        null
      ],
      "/Users/peterkentish/Documents/UNIVERSITY/SecondYear/Semester2/SoftwareHut/project/app/helpers/environment_notice_helper.rb": [
        1,
        null,
        1,
        0,
        null,
        null,
        1,
        0,
        null,
        null,
        null
      ],
      "/Users/peterkentish/Documents/UNIVERSITY/SecondYear/Semester2/SoftwareHut/project/app/helpers/forms_helper.rb": [
        1,
        null,
        1,
        0,
        0,
        null,
        null,
        null,
        1,
        0,
        0,
        0,
        0,
        null,
        null,
        null,
        1,
        0,
        0,
        null,
        null,
        null,
        1,
        0,
        0,
        null,
        null,
        null,
        1,
        0,
        null,
        null,
        1,
        1,
        0,
        0,
        null,
        null,
        null
      ],
      "/Users/peterkentish/Documents/UNIVERSITY/SecondYear/Semester2/SoftwareHut/project/app/helpers/laura_filters_helper.rb": [
        1,
        null
      ],
      "/Users/peterkentish/Documents/UNIVERSITY/SecondYear/Semester2/SoftwareHut/project/app/helpers/northern_irelands_helper.rb": [
        1,
        null
      ],
      "/Users/peterkentish/Documents/UNIVERSITY/SecondYear/Semester2/SoftwareHut/project/app/helpers/scotlands_helper.rb": [
        1,
        null
      ],
      "/Users/peterkentish/Documents/UNIVERSITY/SecondYear/Semester2/SoftwareHut/project/app/decorators/england_new_decorator.rb": [
        1,
        1,
        null,
        null,
        null,
        null,
        null,
        null,
        null,
        null,
        null,
        null,
        null
      ],
      "/Users/peterkentish/Documents/UNIVERSITY/SecondYear/Semester2/SoftwareHut/project/app/models/england_new.rb": [
        null,
        null,
        null,
        null,
        null,
        null,
        null,
        null,
        null,
        null,
        null,
        null,
        null,
        null,
        null,
        null,
        null,
        null,
        null,
        null,
        null,
        null,
        null,
        null,
        null,
        null,
        null,
        null,
        null,
        null,
        null,
        null,
        null,
        1,
        1,
        1,
        1,
        null,
        null,
        null,
        null,
        null,
        null,
        null,
        null,
        null,
        null,
        null,
        null,
        null,
        null,
        null,
        null,
        null,
        null,
        null,
        1,
        1,
        null,
        1,
        23,
        null,
        1,
        2,
        null,
        1,
        2,
        null,
        1,
        2,
        null,
        1,
        2,
        null,
        1,
        0,
        null,
        1,
        0,
        null,
        1,
        8,
        null,
        1,
        null,
        1,
        null,
        10,
        null,
        10,
        null,
        null,
        1,
        8,
        0,
        0,
        0,
        0,
        0,
        null,
        0,
        null,
        null,
        1,
        0,
        0,
        0,
        0,
        0,
        0,
        null,
        0,
        null,
        null,
        null,
        null,
        1,
        2,
        2,
        2,
        0,
        null,
        null,
        null,
        null
      ],
      "/Users/peterkentish/Documents/UNIVERSITY/SecondYear/Semester2/SoftwareHut/project/app/models/application_record.rb": [
        1,
        1,
        null,
        null,
        1,
        null
      ],
      "/Users/peterkentish/Documents/UNIVERSITY/SecondYear/Semester2/SoftwareHut/project/app/decorators/laura_filter_decorator.rb": [
        1,
        1,
        null,
        null,
        null,
        null,
        null,
        null,
        null,
        null,
        null,
        null,
        null
      ],
      "/Users/peterkentish/Documents/UNIVERSITY/SecondYear/Semester2/SoftwareHut/project/app/models/laura_filter.rb": [
        null,
        null,
        null,
        null,
        null,
        null,
        null,
        null,
        null,
        null,
        1,
        null
      ],
      "/Users/peterkentish/Documents/UNIVERSITY/SecondYear/Semester2/SoftwareHut/project/app/decorators/northern_ireland_decorator.rb": [
        1,
        1,
        null,
        null,
        null,
        null,
        null,
        null,
        null,
        null,
        null,
        null,
        null
      ],
      "/Users/peterkentish/Documents/UNIVERSITY/SecondYear/Semester2/SoftwareHut/project/app/models/northern_ireland.rb": [
        null,
        null,
        null,
        null,
        null,
        null,
        null,
        null,
        null,
        null,
        null,
        null,
        null,
        null,
        null,
        null,
        null,
        null,
        null,
        null,
        null,
        null,
        null,
        null,
        null,
        null,
        null,
        null,
        null,
        null,
        1,
        1,
        1,
        1,
        null,
        null,
        null,
        null,
        null,
        null,
        null,
        null,
        null,
        null,
        null,
        null,
        null,
        null,
        null,
        null,
        1,
        0,
        null,
        null,
        null,
        0,
        null,
        0,
        null,
        0,
        null,
        null,
        1,
        1,
        null,
        1,
        2,
        null,
        1,
        1,
        null,
        1,
        2,
        null,
        1,
        0,
        null,
        1,
        0,
        null,
        1,
        5,
        null,
        0,
        null,
        null,
        null,
        0,
        0,
        null,
        0,
        null,
        0,
        null,
        0,
        null,
        null,
        1,
        5,
        null,
        0,
        null,
        null,
        null,
        0,
        0,
        null,
        null,
        0,
        null,
        0,
        null,
        0,
        null,
        null,
        1,
        5,
        null,
        0,
        null,
        0,
        null,
        0,
        null,
        0,
        null,
        null,
        1,
        5,
        0,
        0,
        0,
        0,
        0,
        null,
        0,
        null,
        0,
        null,
        null,
        1,
        0,
        0,
        0,
        0,
        0,
        0,
        null,
        0,
        null,
        0,
        null,
        null,
        null,
        1,
        2,
        2,
        2,
        10,
        null,
        null,
        null,
        null,
        null
      ],
      "/Users/peterkentish/Documents/UNIVERSITY/SecondYear/Semester2/SoftwareHut/project/app/decorators/scotland_decorator.rb": [
        1,
        1,
        null,
        null,
        null,
        null,
        null,
        null,
        null,
        null,
        null,
        null,
        null
      ],
      "/Users/peterkentish/Documents/UNIVERSITY/SecondYear/Semester2/SoftwareHut/project/app/models/scotland.rb": [
        null,
        null,
        null,
        null,
        null,
        null,
        null,
        null,
        null,
        null,
        null,
        null,
        null,
        null,
        null,
        null,
        null,
        null,
        null,
        null,
        null,
        null,
        null,
        null,
        null,
        null,
        null,
        null,
        null,
        null,
        null,
        null,
        null,
        null,
        null,
        null,
        null,
        null,
        1,
        null,
        null,
        1,
        1,
        1,
        null,
        1,
        null,
        null,
        null,
        null,
        null,
        null,
        null,
        null,
        null,
        null,
        null,
        null,
        null,
        null,
        null,
        null,
        null,
        null,
        null,
        1,
        0,
        null,
        null,
        null,
        0,
        null,
        0,
        null,
        0,
        null,
        null,
        1,
        2,
        null,
        1,
        2,
        null,
        1,
        3,
        null,
        1,
        1,
        null,
        1,
        0,
        null,
        1,
        8,
        null,
        0,
        null,
        null,
        null,
        0,
        0,
        null,
        0,
        null,
        0,
        null,
        0,
        null,
        null,
        1,
        8,
        null,
        0,
        0,
        0,
        null,
        0,
        null,
        0,
        null,
        0,
        null,
        null,
        0,
        null,
        null,
        null,
        0,
        0,
        null,
        null,
        0,
        null,
        0,
        null,
        0,
        null,
        null,
        null,
        1,
        8,
        null,
        1,
        null,
        1,
        null,
        0,
        null,
        0,
        null,
        null,
        1,
        8,
        null,
        1,
        null,
        1,
        null,
        0,
        null,
        0,
        null,
        null,
        null,
        1,
        8,
        0,
        0,
        0,
        0,
        0,
        null,
        0,
        null,
        null,
        1,
        0,
        0,
        0,
        0,
        0,
        0,
        null,
        0,
        null,
        null,
        null,
        1,
        0,
        null,
        null,
        1,
        2,
        2,
        2,
        10,
        null,
        null,
        null,
        null
      ],
      "/Users/peterkentish/Documents/UNIVERSITY/SecondYear/Semester2/SoftwareHut/project/app/models/user.rb": [
        null,
        null,
        null,
        null,
        null,
        null,
        null,
        null,
        null,
        null,
        null,
        null,
        null,
        null,
        null,
        null,
        null,
        null,
        null,
        null,
        null,
        null,
        null,
        null,
        1,
        null,
        null,
        1,
        null,
        null
      ],
      "/Users/peterkentish/Documents/UNIVERSITY/SecondYear/Semester2/SoftwareHut/project/app/services/standard_ajax_responder.rb": [
        1,
        null,
        1,
        2,
        2,
        null,
        null,
        1,
        2,
        2,
        null,
        null,
        1,
        1,
        1,
        2,
        null,
        null,
        null,
        1,
        1,
        2,
        null,
        null,
        null,
        1,
        1,
        null,
        null
      ],
      "/Users/peterkentish/Documents/UNIVERSITY/SecondYear/Semester2/SoftwareHut/project/app/services/standard_destroyer.rb": [
        1,
        1,
        3,
        1,
        null,
        2,
        null,
        null,
        null
      ],
      "/Users/peterkentish/Documents/UNIVERSITY/SecondYear/Semester2/SoftwareHut/project/app/services/standard_responder.rb": [
        1,
        1,
        null,
        1,
        15,
        15,
        15,
        15,
        15,
        null,
        null,
        1,
        6,
        6,
        6,
        null,
        null,
        1,
        6,
        6,
        6,
        null,
        null,
        1,
        1,
        1,
        null,
        null,
        1,
        1,
        null,
        null,
        1,
        6,
        null,
        null,
        1,
        6,
        null,
        null,
        1,
        6,
        null,
        null,
        1,
        5,
        null,
        null,
        1,
        2,
        null,
        null,
        1,
        2,
        null,
        null
      ],
      "/Users/peterkentish/Documents/UNIVERSITY/SecondYear/Semester2/SoftwareHut/project/app/services/standard_updater.rb": [
        1,
        1,
        4,
        4,
        3,
        null,
        1,
        null,
        null,
        null
      ],
      "/Users/peterkentish/Documents/UNIVERSITY/SecondYear/Semester2/SoftwareHut/project/app/controllers/england_news_controller.rb": [
        1,
        1,
        1,
        null,
        1,
        null,
        null,
        1,
        31,
        null,
        31,
        31,
        219,
        0,
        null,
        null,
        31,
        null,
        31,
        31,
        31,
        null,
        null,
        31,
        20,
        null,
        11,
        null,
        31,
        null,
        31,
        0,
        null,
        null,
        31,
        null,
        31,
        31,
        31,
        31,
        2,
        null,
        null,
        null,
        31,
        20,
        null,
        31,
        null,
        31,
        31,
        null,
        null,
        null,
        1,
        0,
        null,
        null,
        1,
        0,
        0,
        0,
        null,
        0,
        null,
        null,
        null,
        1,
        0,
        0,
        null,
        null,
        1,
        0,
        0,
        0,
        null,
        null,
        null,
        1,
        0,
        0,
        null,
        0,
        null,
        null,
        null,
        1,
        3,
        0,
        null,
        0,
        null,
        null,
        3,
        null,
        null,
        null,
        1,
        0,
        0,
        0,
        null,
        null,
        1,
        3,
        3,
        3,
        3,
        3,
        3,
        3,
        0,
        null,
        3,
        3,
        0,
        null,
        3,
        0,
        0,
        null,
        null,
        3,
        0,
        0,
        null,
        null,
        3,
        3,
        3,
        3,
        null,
        3,
        3,
        3,
        3,
        3,
        0,
        null,
        null,
        null,
        null,
        null,
        1,
        0,
        null,
        null,
        null,
        1,
        null,
        null,
        null,
        1,
        0,
        null,
        0,
        0,
        null,
        0,
        null,
        null,
        null,
        null,
        1,
        0,
        0,
        null,
        0,
        null,
        null,
        null,
        null,
        1,
        0,
        0,
        null,
        null,
        1,
        null,
        1,
        0,
        null,
        null,
        null,
        1,
        0,
        null,
        null
      ],
      "/Users/peterkentish/Documents/UNIVERSITY/SecondYear/Semester2/SoftwareHut/project/app/controllers/application_controller.rb": [
        1,
        null,
        null,
        1,
        1,
        1,
        null,
        null,
        null,
        1,
        0,
        null,
        null,
        1,
        0,
        null,
        null,
        1,
        0,
        null,
        null,
        null,
        1,
        0,
        null,
        1,
        0,
        null,
        null,
        null,
        1,
        0,
        0,
        0,
        0,
        null,
        null,
        1,
        1,
        119,
        119,
        119,
        null,
        null,
        1,
        119,
        null,
        null
      ],
      "/Users/peterkentish/Documents/UNIVERSITY/SecondYear/Semester2/SoftwareHut/project/app/controllers/scotlands_controller.rb": [
        1,
        1,
        1,
        null,
        1,
        null,
        null,
        null,
        1,
        36,
        36,
        36,
        36,
        null,
        null,
        36,
        23,
        null,
        13,
        null,
        36,
        null,
        36,
        276,
        null,
        null,
        36,
        36,
        36,
        36,
        36,
        1,
        null,
        null,
        null,
        36,
        23,
        null,
        36,
        null,
        36,
        36,
        null,
        null,
        1,
        5,
        5,
        5,
        5,
        30,
        null,
        5,
        30,
        30,
        null,
        5,
        5,
        5,
        5,
        5,
        5,
        5,
        1,
        null,
        null,
        null,
        null,
        null,
        1,
        1,
        null,
        null,
        1,
        20,
        null,
        null,
        1,
        0,
        0,
        0,
        null,
        0,
        null,
        null,
        null,
        1,
        0,
        0,
        null,
        null,
        1,
        0,
        0,
        0,
        null,
        null,
        null,
        1,
        276,
        0,
        null,
        276,
        null,
        null,
        null,
        1,
        4,
        20,
        null,
        20,
        null,
        null,
        4,
        null,
        null,
        null,
        1,
        null,
        1,
        1,
        null,
        null,
        null,
        1,
        0,
        null,
        null
      ],
      "/Users/peterkentish/Documents/UNIVERSITY/SecondYear/Semester2/SoftwareHut/project/app/controllers/northern_irelands_controller.rb": [
        1,
        1,
        null,
        1,
        null,
        null,
        1,
        28,
        28,
        28,
        28,
        null,
        28,
        19,
        null,
        9,
        null,
        null,
        28,
        null,
        28,
        184,
        null,
        null,
        28,
        null,
        28,
        28,
        28,
        28,
        1,
        null,
        null,
        null,
        28,
        19,
        null,
        28,
        28,
        28,
        null,
        null,
        1,
        null,
        4,
        4,
        4,
        30,
        null,
        4,
        4,
        4,
        4,
        4,
        4,
        1,
        null,
        null,
        null,
        null,
        null,
        1,
        null,
        null,
        1,
        20,
        null,
        null,
        1,
        0,
        0,
        0,
        null,
        0,
        null,
        null,
        null,
        1,
        0,
        0,
        null,
        null,
        1,
        0,
        0,
        0,
        null,
        null,
        null,
        1,
        184,
        0,
        null,
        184,
        null,
        null,
        null,
        1,
        3,
        20,
        null,
        20,
        null,
        null,
        3,
        null,
        null,
        null,
        1,
        null,
        1,
        1,
        null,
        null,
        null,
        null,
        1,
        0,
        null,
        null
      ],
      "/Users/peterkentish/Documents/UNIVERSITY/SecondYear/Semester2/SoftwareHut/project/app/channels/application_cable/channel.rb": [
        0,
        0,
        0,
        0
      ],
      "/Users/peterkentish/Documents/UNIVERSITY/SecondYear/Semester2/SoftwareHut/project/app/channels/application_cable/connection.rb": [
        0,
        0,
        0,
        0
      ],
      "/Users/peterkentish/Documents/UNIVERSITY/SecondYear/Semester2/SoftwareHut/project/app/controllers/errors_controller.rb": [
        0,
        0,
        0,
        0,
        0,
        0,
        0,
        0,
        0,
        0,
        0,
        0,
        0,
        0,
        0,
        0,
        0,
        0,
        0,
        0,
        0,
        0,
        0,
        0,
        0,
        0,
        0,
        0,
        0
      ],
      "/Users/peterkentish/Documents/UNIVERSITY/SecondYear/Semester2/SoftwareHut/project/app/controllers/laura_filters_controller.rb": [
        0,
        0,
        0,
        0,
        0,
        0,
        0,
        0,
        0,
        0,
        0,
        0,
        0,
        0,
        0,
        0,
        0,
        0,
        0,
        0,
        0,
        0,
        0,
        0,
        0,
        0,
        0,
        0,
        0,
        0,
        0,
        0,
        0,
        0,
        0,
        0,
        0,
        0,
        0,
        0,
        0,
        0,
        0,
        0,
        0,
        0,
        0,
        0,
        0,
        0,
        0,
        0,
        0,
        0,
        0,
        0,
        0,
        0,
        0
      ],
      "/Users/peterkentish/Documents/UNIVERSITY/SecondYear/Semester2/SoftwareHut/project/app/inputs/date_string_input.rb": [
        0,
        0,
        0,
        0,
        0,
        0,
        0,
        0,
        0,
        0,
        0,
        0
      ],
      "/Users/peterkentish/Documents/UNIVERSITY/SecondYear/Semester2/SoftwareHut/project/app/inputs/inline_check_boxes_input.rb": [
        0,
        0,
        0,
        0,
        0,
        0,
        0,
        0,
        0,
        0,
        0,
        0,
        0,
        0,
        0,
        0,
        0,
        0,
        0,
        0,
        0,
        0,
        0,
        0,
        0
      ],
      "/Users/peterkentish/Documents/UNIVERSITY/SecondYear/Semester2/SoftwareHut/project/app/inputs/inline_radio_buttons_input.rb": [
        0,
        0,
        0,
        0,
        0,
        0,
        0,
        0,
        0,
        0,
        0,
        0,
        0,
        0,
        0,
        0,
        0,
        0,
        0,
        0,
        0,
        0,
        0,
        0,
        0
      ],
      "/Users/peterkentish/Documents/UNIVERSITY/SecondYear/Semester2/SoftwareHut/project/app/jobs/application_job.rb": [
        0,
        0
      ],
      "/Users/peterkentish/Documents/UNIVERSITY/SecondYear/Semester2/SoftwareHut/project/app/mailers/application_mailer.rb": [
        0,
        0,
        0,
        0
      ],
      "/Users/peterkentish/Documents/UNIVERSITY/SecondYear/Semester2/SoftwareHut/project/app/services/standard_resource_decorator.rb": [
        0,
        0,
        0,
        0,
        0,
        0,
        0,
        0,
        0,
        0,
        0,
        0,
        0,
        0
      ]
    },
    "timestamp": 1494522208
  }
}
